Cannot find module 'flat-db'
Require stack:
- D:\Projects\Phishing\controllers\mobileapi.js
- D:\Projects\Phishing\index.js
Error: Cannot find module 'flat-db'
Require stack:
- D:\Projects\Phishing\controllers\mobileapi.js
- D:\Projects\Phishing\index.js
    at Function.Module._resolveFilename (internal/modules/cjs/loader.js:880:15)
    at Function.Module._load (internal/modules/cjs/loader.js:725:27)
    at Module.require (internal/modules/cjs/loader.js:952:19)
    at require (internal/modules/cjs/helpers.js:88:18)
    at module.exports (D:\Projects\Phishing\controllers\mobileapi.js:12:18)
    at Domain.<anonymous> (D:\Projects\Phishing\index.js:49:7)
    at Domain.run (domain.js:370:15)
    at Timeout._onTimeout (D:\Projects\Phishing\index.js:31:5)
    at listOnTimeout (internal/timers.js:554:17)
    at processTimers (internal/timers.js:497:7)
Cannot find module 'flat-db'
Require stack:
- D:\Projects\Phishing\controllers\mobileapi.js
- D:\Projects\Phishing\index.js
Error: Cannot find module 'flat-db'
Require stack:
- D:\Projects\Phishing\controllers\mobileapi.js
- D:\Projects\Phishing\index.js
    at Function.Module._resolveFilename (internal/modules/cjs/loader.js:880:15)
    at Function.Module._load (internal/modules/cjs/loader.js:725:27)
    at Module.require (internal/modules/cjs/loader.js:952:19)
    at require (internal/modules/cjs/helpers.js:88:18)
    at module.exports (D:\Projects\Phishing\controllers\mobileapi.js:12:18)
    at Domain.<anonymous> (D:\Projects\Phishing\index.js:49:7)
    at Domain.run (domain.js:370:15)
    at Timeout._onTimeout (D:\Projects\Phishing\index.js:31:5)
    at listOnTimeout (internal/timers.js:554:17)
    at processTimers (internal/timers.js:497:7)
Cannot find module 'flat-db'
Require stack:
- D:\Projects\Phishing\controllers\mobileapi.js
- D:\Projects\Phishing\index.js
Error: Cannot find module 'flat-db'
Require stack:
- D:\Projects\Phishing\controllers\mobileapi.js
- D:\Projects\Phishing\index.js
    at Function.Module._resolveFilename (internal/modules/cjs/loader.js:880:15)
    at Function.Module._load (internal/modules/cjs/loader.js:725:27)
    at Module.require (internal/modules/cjs/loader.js:952:19)
    at require (internal/modules/cjs/helpers.js:88:18)
    at module.exports (D:\Projects\Phishing\controllers\mobileapi.js:12:18)
    at Domain.<anonymous> (D:\Projects\Phishing\index.js:49:7)
    at Domain.run (domain.js:370:15)
    at Timeout._onTimeout (D:\Projects\Phishing\index.js:31:5)
    at listOnTimeout (internal/timers.js:554:17)
    at processTimers (internal/timers.js:497:7)
Cannot find module 'bellajs'
Require stack:
- D:\Projects\Phishing\node_modules\flat-db\src\main.js
- D:\Projects\Phishing\node_modules\flat-db\index.js
- D:\Projects\Phishing\controllers\mobileapi.js
- D:\Projects\Phishing\index.js
Error: Cannot find module 'bellajs'
Require stack:
- D:\Projects\Phishing\node_modules\flat-db\src\main.js
- D:\Projects\Phishing\node_modules\flat-db\index.js
- D:\Projects\Phishing\controllers\mobileapi.js
- D:\Projects\Phishing\index.js
    at Function.Module._resolveFilename (internal/modules/cjs/loader.js:880:15)
    at Function.Module._load (internal/modules/cjs/loader.js:725:27)
    at Module.require (internal/modules/cjs/loader.js:952:19)
    at require (internal/modules/cjs/helpers.js:88:18)
    at Object.<anonymous> (D:\Projects\Phishing\node_modules\flat-db\src\main.js:8:5)
    at Module._compile (internal/modules/cjs/loader.js:1063:30)
    at Object.Module._extensions..js (internal/modules/cjs/loader.js:1092:10)
    at Module.load (internal/modules/cjs/loader.js:928:32)
    at Function.Module._load (internal/modules/cjs/loader.js:769:14)
    at Module.require (internal/modules/cjs/loader.js:952:19)
