08-05-2023::01:23:51 AM::undefined::CredentialCaptured::
08-05-2023::01:38:22 AM::undefined::CredentialCaptured::
08-05-2023::01:40:04 AM::undefined::CredentialCaptured::
08-05-2023::02:35:01 AM::undefined::CredentialCaptured::
08-05-2023::04:17:55 AM::undefined::CredentialCaptured::
08-05-2023::04:35:04 AM::undefined::CredentialCaptured::
08-05-2023::04:52:41 AM::undefined::CredentialCaptured::
08-05-2023::06:22:07 AM::undefined::CredentialCaptured::
08-05-2023::07:51:00 AM::undefined::CredentialCaptured::
08-05-2023::08:15:45 AM::undefined::CredentialCaptured::
08-05-2023::08:31:49 AM::undefined::CredentialCaptured::
08-05-2023::09:17:18 AM::undefined::CredentialCaptured::
08-05-2023::10:46:52 AM::undefined::CredentialCaptured::
08-05-2023::11:13:45 AM::undefined::CredentialCaptured::
08-05-2023::11:31:44 AM::nelson::ClickedURL::
08-05-2023::11:32:10 AM::nelson::CredentialCaptured::
08-05-2023::11:32:34 AM::mario::ClickedURL::
08-05-2023::11:32:52 AM::tribunal.mario::ClickedURL::
08-05-2023::11:33:02 AM::mario::CredentialCaptured::
08-05-2023::11:33:19 AM::tribunal.mario::ClickedURL::
08-05-2023::11:33:25 AM::::CredentialCaptured::
08-05-2023::11:37:06 AM::testuser::CredentialCaptured::
08-05-2023::11:38:47 AM::tribunal.mario::ClickedURL::
08-05-2023::12:16:04 PM::tribunal.mario::ClickedURLViber::
08-05-2023::12:19:21 PM::tribunal.mario::ClickedURLViber::
08-05-2023::12:19:26 PM::tribunal.mario::ClickedURLViber::
08-05-2023::12:22:42 PM::tribunal.mario::ClickedURLViber::
08-05-2023::12:27:32 PM::tribunal.mario::ClickedURLViber::
08-05-2023::12:27:41 PM::tribunal.mario::ClickedURLViber::
08-05-2023::12:27:55 PM::tribunal.mario::ClickedURLViber::
08-05-2023::01:21:55 PM::tribunal.mario::ClickedURLViber::
08-05-2023::01:22:05 PM::tribunal.mario::ClickedURLViber::
08-05-2023::01:23:38 PM::tribunal.mario::ClickedURLViber::
08-05-2023::01:23:43 PM::tribunal.mario::ClickedURLViber::
08-05-2023::01:24:34 PM::maligro.nelson::ClickedURLViber::
08-05-2023::01:29:01 PM::maligro.nelson::ClickedURLViber::
08-05-2023::01:29:54 PM::maligro.nelson::ClickedURLViber::
08-05-2023::01:34:53 PM::maligro.nelson::ClickedURLViber::
08-05-2023::01:49:24 PM::maligro.nelson::ClickedURLViber::
08-05-2023::01:56:59 PM::maligro.nelson::ClickedURLViber::
08-05-2023::02:04:15 PM::maligro.nelson::ClickedURLViber::
08-05-2023::02:04:26 PM::nelson::CredentialCapturedViber::
08-05-2023::02:06:07 PM::maligro.nelson::ClickedURLViber::
08-05-2023::02:09:28 PM::maligro.nelson::ClickedURLViber::
08-05-2023::02:09:38 PM::nelson::CredentialCapturedViber::
08-05-2023::02:12:41 PM::nelson::ClickedURLViber::
08-05-2023::02:13:21 PM::maligro::ClickedURLViber::
08-05-2023::02:13:37 PM::maliro::CredentialCapturedViber::
08-05-2023::02:23:19 PM::nelson::ClickedURLViber::
08-05-2023::02:23:28 PM::testpass::CredentialCapturedViber::
08-05-2023::02:34:19 PM::nelson::ClickedURLViber::
08-05-2023::02:37:38 PM::nelson::ClickedURLViber::
08-05-2023::02:37:47 PM::maligro::CredentialCapturedViber::
08-05-2023::02:42:31 PM::nelson::ClickedURLViber::
08-05-2023::02:42:39 PM::test::CredentialCapturedViber::
08-05-2023::02:43:53 PM::nelson::ClickedURLViber::
08-05-2023::02:43:58 PM::fvdv::CredentialCapturedViber::
08-05-2023::02:45:48 PM::nelson::ClickedURLViber::
08-05-2023::02:46:00 PM::xxx::CredentialCapturedViber::
08-05-2023::02:46:47 PM::nelson::ClickedURLViber::
08-05-2023::02:46:59 PM::juan::ClickedURLViber::
08-05-2023::02:47:05 PM::de marco::CredentialCapturedViber::
08-05-2023::02:48:57 PM::juan::ClickedURLViber::
08-05-2023::02:49:09 PM::demarco::CredentialCapturedViber::
08-05-2023::02:49:33 PM::maligro.nelson::ClickedURL::
08-05-2023::02:49:45 PM::maligro.nelson::CredentialCaptured::
